<?xml version="1.0" ?>
<coverage branch-rate="0.9333" branches-covered="28" branches-valid="30" complexity="0" line-rate="0.9839" lines-covered="183" lines-valid="186" timestamp="1551180635459" version="4.5.2">
  <!-- Generated by coverage.py: https://coverage.readthedocs.io -->
  <!-- Based on https://raw.githubusercontent.com/cobertura/web/master/htdocs/xml/coverage-04.dtd -->
  <sources/>
  <packages>
    <package branch-rate="0.9333" complexity="0" line-rate="0.9839" name=".Users.sanket.Code.s3tree.s3tree">
      <classes>
        <class branch-rate="1" complexity="0" filename="/code/s3tree/s3tree/__init__.py" line-rate="1" name="__init__.py">
          <methods/>
          <lines>
            <line hits="1" number="4"/>
            <line hits="1" number="6"/>
            <line hits="1" number="7"/>
            <line hits="1" number="9"/>
            <line hits="1" number="10"/>
            <line hits="1" number="12"/>
          </lines>
        </class>
        <class branch-rate="1" complexity="0" filename="/code/s3tree/s3tree/__version__.py" line-rate="1" name="__version__.py">
          <methods/>
          <lines>
            <line hits="1" number="4"/>
          </lines>
        </class>
        <class branch-rate="0.9375" complexity="0" filename="/code/s3tree/s3tree/core.py" line-rate="0.9846" name="core.py">
          <methods/>
          <lines>
            <line hits="1" number="4"/>
            <line hits="1" number="5"/>
            <line hits="1" number="6"/>
            <line hits="1" number="7"/>
            <line hits="1" number="8"/>
            <line hits="1" number="10"/>
            <line hits="1" number="11"/>
            <line hits="1" number="13"/>
            <line hits="1" number="14"/>
            <line hits="1" number="17"/>
            <line hits="1" number="41"/>
            <line hits="1" number="43"/>
            <line hits="1" number="45"/>
            <line hits="1" number="49"/>
            <line hits="1" number="50"/>
            <line branch="true" condition-coverage="100% (2/2)" hits="1" number="53"/>
            <line hits="1" number="54"/>
            <line hits="1" number="57"/>
            <line hits="1" number="61"/>
            <line hits="1" number="62"/>
            <line hits="1" number="65"/>
            <line hits="1" number="66"/>
            <line hits="1" number="69"/>
            <line hits="1" number="72"/>
            <line hits="1" number="73"/>
            <line hits="1" number="76"/>
            <line hits="1" number="78"/>
            <line hits="1" number="79"/>
            <line hits="1" number="81"/>
            <line hits="1" number="82"/>
            <line hits="1" number="84"/>
            <line hits="1" number="86"/>
            <line hits="1" number="90"/>
            <line branch="true" condition-coverage="100% (2/2)" hits="1" number="94"/>
            <line hits="1" number="95"/>
            <line hits="1" number="99"/>
            <line hits="1" number="101"/>
            <line hits="1" number="104"/>
            <line hits="1" number="105"/>
            <line branch="true" condition-coverage="100% (2/2)" hits="1" number="107"/>
            <line hits="1" number="108"/>
            <line branch="true" condition-coverage="100% (2/2)" hits="1" number="110"/>
            <line hits="1" number="111"/>
            <line hits="1" number="113"/>
            <line hits="1" number="115"/>
            <line hits="1" number="120"/>
            <line hits="1" number="121"/>
            <line hits="1" number="122"/>
            <line hits="1" number="125"/>
            <line branch="true" condition-coverage="100% (2/2)" hits="1" number="127"/>
            <line hits="1" number="128"/>
            <line branch="true" condition-coverage="50% (1/2)" hits="1" missing-branches="134" number="130"/>
            <line hits="1" number="131"/>
            <line hits="0" number="134"/>
            <line hits="1" number="136"/>
            <line hits="1" number="139"/>
            <line hits="1" number="141"/>
            <line hits="1" number="144"/>
            <line hits="1" number="146"/>
            <line hits="1" number="149"/>
            <line branch="true" condition-coverage="100% (2/2)" hits="1" number="151"/>
            <line hits="1" number="152"/>
            <line branch="true" condition-coverage="100% (2/2)" hits="1" number="154"/>
            <line hits="1" number="155"/>
            <line hits="1" number="157"/>
          </lines>
        </class>
        <class branch-rate="1" complexity="0" filename="/code/s3tree/s3tree/exceptions.py" line-rate="1" name="exceptions.py">
          <methods/>
          <lines>
            <line hits="1" number="5"/>
            <line hits="1" number="6"/>
            <line hits="1" number="7"/>
            <line hits="1" number="11"/>
            <line hits="1" number="14"/>
            <line hits="1" number="15"/>
            <line hits="1" number="16"/>
            <line hits="1" number="17"/>
            <line hits="1" number="20"/>
            <line hits="1" number="21"/>
            <line hits="1" number="22"/>
            <line hits="1" number="25"/>
            <line hits="1" number="28"/>
            <line hits="1" number="29"/>
            <line hits="1" number="30"/>
            <line hits="1" number="31"/>
            <line hits="1" number="34"/>
            <line hits="1" number="35"/>
            <line hits="1" number="36"/>
            <line hits="1" number="37"/>
            <line hits="1" number="40"/>
            <line hits="1" number="41"/>
            <line hits="1" number="42"/>
            <line hits="1" number="43"/>
          </lines>
        </class>
        <class branch-rate="1" complexity="0" filename="/code/s3tree/s3tree/models.py" line-rate="0.9615" name="models.py">
          <methods/>
          <lines>
            <line hits="1" number="3"/>
            <line hits="1" number="5"/>
            <line hits="1" number="6"/>
            <line hits="1" number="7"/>
            <line hits="1" number="8"/>
            <line hits="1" number="9"/>
            <line hits="1" number="10"/>
            <line branch="true" condition-coverage="100% (2/2)" hits="1" number="13"/>
            <line hits="1" number="14"/>
            <line hits="1" number="19"/>
            <line hits="1" number="20"/>
            <line hits="1" number="21"/>
            <line hits="1" number="23"/>
            <line hits="1" number="25"/>
            <line hits="1" number="27"/>
            <line hits="1" number="28"/>
            <line hits="1" number="30"/>
            <line hits="1" number="31"/>
            <line hits="1" number="37"/>
            <line hits="1" number="40"/>
            <line hits="1" number="45"/>
            <line hits="1" number="48"/>
            <line branch="true" condition-coverage="100% (2/2)" hits="1" number="51"/>
            <line hits="1" number="52"/>
            <line hits="1" number="55"/>
            <line hits="1" number="57"/>
            <line hits="1" number="58"/>
            <line hits="1" number="59"/>
            <line hits="1" number="60"/>
            <line hits="1" number="61"/>
            <line hits="1" number="64"/>
            <line hits="1" number="67"/>
            <line hits="1" number="69"/>
            <line hits="1" number="72"/>
            <line hits="1" number="74"/>
            <line hits="1" number="77"/>
            <line hits="1" number="79"/>
            <line hits="1" number="82"/>
            <line hits="1" number="84"/>
            <line hits="1" number="86"/>
            <line hits="1" number="87"/>
            <line hits="0" number="90"/>
            <line hits="0" number="91"/>
            <line hits="1" number="93"/>
            <line hits="1" number="94"/>
            <line hits="1" number="96"/>
            <line hits="1" number="99"/>
            <line branch="true" condition-coverage="100% (2/2)" hits="1" number="101"/>
            <line hits="1" number="102"/>
            <line hits="1" number="103"/>
            <line hits="1" number="105"/>
            <line hits="1" number="108"/>
          </lines>
        </class>
        <class branch-rate="0.5" complexity="0" filename="/code/s3tree/s3tree/types.py" line-rate="1" name="types.py">
          <methods/>
          <lines>
            <line hits="1" number="3"/>
            <line hits="1" number="6"/>
            <line hits="1" number="8"/>
            <line hits="1" number="10"/>
            <line branch="true" condition-coverage="50% (1/2)" hits="1" missing-branches="14" number="11"/>
            <line hits="1" number="12"/>
            <line hits="1" number="14"/>
            <line hits="1" number="17"/>
            <line hits="1" number="18"/>
            <line hits="1" number="21"/>
            <line hits="1" number="22"/>
            <line hits="1" number="23"/>
            <line hits="1" number="24"/>
          </lines>
        </class>
        <class branch-rate="1" complexity="0" filename="/code/s3tree/s3tree/utils.py" line-rate="1" name="utils.py">
          <methods/>
          <lines>
            <line hits="1" number="3"/>
            <line hits="1" number="4"/>
            <line hits="1" number="5"/>
            <line hits="1" number="6"/>
            <line hits="1" number="8"/>
            <line hits="1" number="11"/>
            <line branch="true" condition-coverage="100% (2/2)" hits="1" number="27"/>
            <line hits="1" number="28"/>
            <line branch="true" condition-coverage="100% (2/2)" hits="1" number="30"/>
            <line hits="1" number="31"/>
            <line hits="1" number="34"/>
            <line branch="true" condition-coverage="100% (2/2)" hits="1" number="37"/>
            <line hits="1" number="38"/>
            <line hits="1" number="40"/>
            <line hits="1" number="43"/>
            <line hits="1" number="56"/>
            <line hits="1" number="60"/>
            <line hits="1" number="65"/>
            <line hits="1" number="69"/>
            <line hits="1" number="73"/>
            <line hits="1" number="74"/>
            <line hits="1" number="76"/>
            <line hits="1" number="78"/>
            <line hits="1" number="81"/>
            <line hits="1" number="83"/>
          </lines>
        </class>
      </classes>
    </package>
  </packages>
</coverage>
